<?xml version="1.0" encoding="UTF-8" ?>
<testsuite tests="6" failures="0" name="Teste" time="0.05" errors="0" skipped="0">
  <properties>
[...]
</properties>
  <testcase classname="Teste" name="deveRetornarSegundoNinjaComoVencedorQuandoONomeForItachi" time="0.042"/>
  <testcase classname="Teste" name="deveAtualizarOChakraDoOponenteDeAcordoComODanoDoJutsoQuandoAtacar" time="0.002"/>
  <testcase classname="Teste" name="deveRetornarPrimeiroNinjaComoVencedorQuandoEmpatar" time="0.003"/>
  <testcase classname="Teste" name="deveRetornarPrimeiroNinjaComoVencedorQuandoONomeForItachi" time="0.002"/>
  <testcase classname="Teste" name="deveRetornarNinjaComJutsuMaisForteSeOsDoisGastamOMesmoChakra" time="0"/>
  <testcase classname="Teste" name="deveRetornarPrimeiroNinjaComoVencedorQuandoEmpatarComValoresAcimaDoMaximo" time="0.001"/>
</testsuite>